<?xml version="1.0" encoding="UTF-8"?>
<!-- Generated by org.testng.reporters.JUnitReportReporter -->
<testsuite hostname="DESKTOP-208T3B8" name="com.edu.Test.ProConceptProductCreationTest" tests="2" failures="0" timestamp="15 Oct 2018 08:19:06 GMT" time="41.974" errors="0">
  <testcase name="TC001_LaunchProconceptURL" time="24.595" classname="com.edu.Test.ProConceptProductCreationTest"/>
  <testcase name="TC002_NavigateToProduct" time="17.379" classname="com.edu.Test.ProConceptProductCreationTest"/>
</testsuite> <!-- com.edu.Test.ProConceptProductCreationTest -->
