<?xml version="1.0" encoding="UTF-8"?>
<!-- Generated by org.testng.reporters.JUnitReportReporter -->
<testsuite hostname="DESKTOP-208T3B8" name="com.edu.Test.ProConceptProductCreationTest" tests="2" failures="0" timestamp="16 Oct 2018 11:00:25 GMT" time="35.746" errors="0">
  <testcase name="TC001_LaunchProconceptURL" time="24.462" classname="com.edu.Test.ProConceptProductCreationTest"/>
  <testcase name="TC002_NavigateToProduct" time="11.284" classname="com.edu.Test.ProConceptProductCreationTest"/>
</testsuite> <!-- com.edu.Test.ProConceptProductCreationTest -->
